{"C:\\Users\\44741\\OneDrive\\Desktop\\react-redux-quiz\\src\\App.js": {"path":"C:\\Users\\44741\\OneDrive\\Desktop\\react-redux-quiz\\src\\App.js","statementMap":{"0":{"start":{"line":12,"column":12},"end":{"line":34,"column":1}},"1":{"start":{"line":14,"column":21},"end":{"line":25,"column":3}},"2":{"start":{"line":15,"column":4},"end":{"line":24,"column":5}},"3":{"start":{"line":17,"column":8},"end":{"line":17,"column":29}},"4":{"start":{"line":19,"column":8},"end":{"line":19,"column":28}},"5":{"start":{"line":21,"column":8},"end":{"line":21,"column":28}},"6":{"start":{"line":23,"column":8},"end":{"line":23,"column":29}},"7":{"start":{"line":27,"column":2},"end":{"line":33,"column":4}},"8":{"start":{"line":36,"column":24},"end":{"line":38,"column":1}},"9":{"start":{"line":37,"column":2},"end":{"line":37,"column":15}}},"fnMap":{"0":{"name":"(anonymous_0)","decl":{"start":{"line":12,"column":12},"end":{"line":12,"column":13}},"loc":{"start":{"line":12,"column":32},"end":{"line":34,"column":1}},"line":12},"1":{"name":"(anonymous_1)","decl":{"start":{"line":14,"column":21},"end":{"line":14,"column":22}},"loc":{"start":{"line":14,"column":27},"end":{"line":25,"column":3}},"line":14},"2":{"name":"(anonymous_2)","decl":{"start":{"line":36,"column":24},"end":{"line":36,"column":25}},"loc":{"start":{"line":36,"column":35},"end":{"line":38,"column":1}},"line":36}},"branchMap":{"0":{"loc":{"start":{"line":15,"column":4},"end":{"line":24,"column":5}},"type":"switch","locations":[{"start":{"line":16,"column":6},"end":{"line":17,"column":29}},{"start":{"line":18,"column":6},"end":{"line":19,"column":28}},{"start":{"line":20,"column":6},"end":{"line":21,"column":28}},{"start":{"line":22,"column":6},"end":{"line":23,"column":29}}],"line":15}},"s":{"0":1,"1":4,"2":4,"3":4,"4":0,"5":0,"6":0,"7":4,"8":1,"9":4},"f":{"0":4,"1":4,"2":4},"b":{"0":[4,0,0,0]},"_coverageSchema":"43e27e138ebf9cfc5966b082cf9a028302ed4184","hash":"a02dca7269d5a3587b40a691cc05a7cb1a65d634"}
,"C:\\Users\\44741\\OneDrive\\Desktop\\react-redux-quiz\\src\\Root.js": {"path":"C:\\Users\\44741\\OneDrive\\Desktop\\react-redux-quiz\\src\\Root.js","statementMap":{"0":{"start":{"line":9,"column":2},"end":{"line":19,"column":4}}},"fnMap":{"0":{"name":"(anonymous_0)","decl":{"start":{"line":8,"column":15},"end":{"line":8,"column":16}},"loc":{"start":{"line":8,"column":52},"end":{"line":20,"column":1}},"line":8}},"branchMap":{"0":{"loc":{"start":{"line":8,"column":28},"end":{"line":8,"column":45}},"type":"default-arg","locations":[{"start":{"line":8,"column":43},"end":{"line":8,"column":45}}],"line":8}},"s":{"0":8},"f":{"0":8},"b":{"0":[8]},"_coverageSchema":"43e27e138ebf9cfc5966b082cf9a028302ed4184","hash":"f335c101e7250614c4b8bd627b06151c2337aed3"}
,"C:\\Users\\44741\\OneDrive\\Desktop\\react-redux-quiz\\src\\setupTest.js": {"path":"C:\\Users\\44741\\OneDrive\\Desktop\\react-redux-quiz\\src\\setupTest.js","statementMap":{"0":{"start":{"line":4,"column":0},"end":{"line":4,"column":45}}},"fnMap":{},"branchMap":{},"s":{"0":5},"f":{},"b":{},"_coverageSchema":"43e27e138ebf9cfc5966b082cf9a028302ed4184","hash":"12ecb373113aad1e62051f31164bfe0281690906"}
,"C:\\Users\\44741\\OneDrive\\Desktop\\react-redux-quiz\\src\\actions\\getQuestionList.js": {"path":"C:\\Users\\44741\\OneDrive\\Desktop\\react-redux-quiz\\src\\actions\\getQuestionList.js","statementMap":{"0":{"start":{"line":3,"column":31},"end":{"line":10,"column":1}},"1":{"start":{"line":4,"column":2},"end":{"line":9,"column":4}},"2":{"start":{"line":5,"column":21},"end":{"line":5,"column":90}},"3":{"start":{"line":6,"column":17},"end":{"line":6,"column":53}},"4":{"start":{"line":8,"column":4},"end":{"line":8,"column":69}}},"fnMap":{"0":{"name":"(anonymous_0)","decl":{"start":{"line":3,"column":31},"end":{"line":3,"column":32}},"loc":{"start":{"line":3,"column":52},"end":{"line":10,"column":1}},"line":3},"1":{"name":"(anonymous_1)","decl":{"start":{"line":4,"column":9},"end":{"line":4,"column":10}},"loc":{"start":{"line":4,"column":28},"end":{"line":9,"column":3}},"line":4}},"branchMap":{},"s":{"0":1,"1":0,"2":0,"3":0,"4":0},"f":{"0":0,"1":0},"b":{},"_coverageSchema":"43e27e138ebf9cfc5966b082cf9a028302ed4184","hash":"2032952735b648043b5edb2398fbd2ca6b4391e3"}
,"C:\\Users\\44741\\OneDrive\\Desktop\\react-redux-quiz\\src\\actions\\index.js": {"path":"C:\\Users\\44741\\OneDrive\\Desktop\\react-redux-quiz\\src\\actions\\index.js","statementMap":{"0":{"start":{"line":3,"column":29},"end":{"line":8,"column":1}},"1":{"start":{"line":4,"column":2},"end":{"line":7,"column":4}},"2":{"start":{"line":10,"column":28},"end":{"line":15,"column":1}},"3":{"start":{"line":11,"column":2},"end":{"line":14,"column":4}}},"fnMap":{"0":{"name":"(anonymous_0)","decl":{"start":{"line":3,"column":29},"end":{"line":3,"column":30}},"loc":{"start":{"line":3,"column":41},"end":{"line":8,"column":1}},"line":3},"1":{"name":"(anonymous_1)","decl":{"start":{"line":10,"column":28},"end":{"line":10,"column":29}},"loc":{"start":{"line":10,"column":40},"end":{"line":15,"column":1}},"line":10}},"branchMap":{},"s":{"0":3,"1":2,"2":3,"3":2},"f":{"0":2,"1":2},"b":{},"_coverageSchema":"43e27e138ebf9cfc5966b082cf9a028302ed4184","hash":"68f82ddf477448f9b194c3d2e605bf5bd52f6a9a"}
,"C:\\Users\\44741\\OneDrive\\Desktop\\react-redux-quiz\\src\\actions\\types.js": {"path":"C:\\Users\\44741\\OneDrive\\Desktop\\react-redux-quiz\\src\\actions\\types.js","statementMap":{"0":{"start":{"line":1,"column":24},"end":{"line":1,"column":41}},"1":{"start":{"line":2,"column":23},"end":{"line":2,"column":39}},"2":{"start":{"line":3,"column":26},"end":{"line":3,"column":45}},"3":{"start":{"line":5,"column":0},"end":{"line":5,"column":72}}},"fnMap":{},"branchMap":{},"s":{"0":5,"1":5,"2":5,"3":5},"f":{},"b":{},"_coverageSchema":"43e27e138ebf9cfc5966b082cf9a028302ed4184","hash":"ca234263e0d73a192231ea8d84cd7b0143a69e7b"}
,"C:\\Users\\44741\\OneDrive\\Desktop\\react-redux-quiz\\src\\components\\AnswerButton.js": {"path":"C:\\Users\\44741\\OneDrive\\Desktop\\react-redux-quiz\\src\\components\\AnswerButton.js","statementMap":{"0":{"start":{"line":4,"column":21},"end":{"line":18,"column":1}},"1":{"start":{"line":5,"column":2},"end":{"line":17,"column":4}},"2":{"start":{"line":8,"column":24},"end":{"line":8,"column":38}}},"fnMap":{"0":{"name":"(anonymous_0)","decl":{"start":{"line":4,"column":21},"end":{"line":4,"column":22}},"loc":{"start":{"line":4,"column":50},"end":{"line":18,"column":1}},"line":4},"1":{"name":"(anonymous_1)","decl":{"start":{"line":8,"column":17},"end":{"line":8,"column":18}},"loc":{"start":{"line":8,"column":24},"end":{"line":8,"column":38}},"line":8}},"branchMap":{},"s":{"0":3,"1":3,"2":0},"f":{"0":3,"1":0},"b":{},"_coverageSchema":"43e27e138ebf9cfc5966b082cf9a028302ed4184","hash":"779a7b5827a42a10a705c1a256fe606c03fef35b"}
,"C:\\Users\\44741\\OneDrive\\Desktop\\react-redux-quiz\\src\\components\\DifficultyButton.js": {"path":"C:\\Users\\44741\\OneDrive\\Desktop\\react-redux-quiz\\src\\components\\DifficultyButton.js","statementMap":{"0":{"start":{"line":3,"column":25},"end":{"line":17,"column":1}},"1":{"start":{"line":5,"column":34},"end":{"line":7,"column":3}},"2":{"start":{"line":6,"column":4},"end":{"line":6,"column":37}},"3":{"start":{"line":9,"column":2},"end":{"line":16,"column":4}},"4":{"start":{"line":11,"column":21},"end":{"line":11,"column":46}}},"fnMap":{"0":{"name":"(anonymous_0)","decl":{"start":{"line":3,"column":25},"end":{"line":3,"column":26}},"loc":{"start":{"line":3,"column":66},"end":{"line":17,"column":1}},"line":3},"1":{"name":"(anonymous_1)","decl":{"start":{"line":5,"column":34},"end":{"line":5,"column":35}},"loc":{"start":{"line":5,"column":40},"end":{"line":7,"column":3}},"line":5},"2":{"name":"(anonymous_2)","decl":{"start":{"line":11,"column":15},"end":{"line":11,"column":16}},"loc":{"start":{"line":11,"column":21},"end":{"line":11,"column":46}},"line":11}},"branchMap":{},"s":{"0":2,"1":3,"2":0,"3":3,"4":0},"f":{"0":3,"1":0,"2":0},"b":{},"_coverageSchema":"43e27e138ebf9cfc5966b082cf9a028302ed4184","hash":"2d68a4707ed4f3549afbbcbf28521b5c4e120d4b"}
,"C:\\Users\\44741\\OneDrive\\Desktop\\react-redux-quiz\\src\\components\\Footer.js": {"path":"C:\\Users\\44741\\OneDrive\\Desktop\\react-redux-quiz\\src\\components\\Footer.js","statementMap":{"0":{"start":{"line":3,"column":15},"end":{"line":5,"column":1}},"1":{"start":{"line":4,"column":2},"end":{"line":4,"column":77}}},"fnMap":{"0":{"name":"(anonymous_0)","decl":{"start":{"line":3,"column":15},"end":{"line":3,"column":16}},"loc":{"start":{"line":3,"column":21},"end":{"line":5,"column":1}},"line":3}},"branchMap":{},"s":{"0":2,"1":6},"f":{"0":6},"b":{},"_coverageSchema":"43e27e138ebf9cfc5966b082cf9a028302ed4184","hash":"ed3341f93b7c1432907e5d19839dcde83713c3c7"}
,"C:\\Users\\44741\\OneDrive\\Desktop\\react-redux-quiz\\src\\components\\GameCard.js": {"path":"C:\\Users\\44741\\OneDrive\\Desktop\\react-redux-quiz\\src\\components\\GameCard.js","statementMap":{"0":{"start":{"line":9,"column":17},"end":{"line":65,"column":1}},"1":{"start":{"line":10,"column":46},"end":{"line":10,"column":57}},"2":{"start":{"line":11,"column":42},"end":{"line":11,"column":54}},"3":{"start":{"line":13,"column":2},"end":{"line":20,"column":23}},"4":{"start":{"line":14,"column":4},"end":{"line":19,"column":6}},"5":{"start":{"line":22,"column":22},"end":{"line":22,"column":34}},"6":{"start":{"line":23,"column":32},"end":{"line":23,"column":44}},"7":{"start":{"line":25,"column":2},"end":{"line":27,"column":3}},"8":{"start":{"line":26,"column":4},"end":{"line":26,"column":36}},"9":{"start":{"line":29,"column":22},"end":{"line":49,"column":3}},"10":{"start":{"line":30,"column":23},"end":{"line":30,"column":38}},"11":{"start":{"line":34,"column":4},"end":{"line":39,"column":5}},"12":{"start":{"line":35,"column":6},"end":{"line":35,"column":36}},"13":{"start":{"line":36,"column":6},"end":{"line":36,"column":34}},"14":{"start":{"line":38,"column":6},"end":{"line":38,"column":36}},"15":{"start":{"line":41,"column":4},"end":{"line":41,"column":45}},"16":{"start":{"line":42,"column":4},"end":{"line":42,"column":45}},"17":{"start":{"line":43,"column":4},"end":{"line":43,"column":50}},"18":{"start":{"line":44,"column":4},"end":{"line":48,"column":13}},"19":{"start":{"line":45,"column":6},"end":{"line":45,"column":55}},"20":{"start":{"line":46,"column":6},"end":{"line":46,"column":50}},"21":{"start":{"line":47,"column":6},"end":{"line":47,"column":44}},"22":{"start":{"line":51,"column":24},"end":{"line":53,"column":4}},"23":{"start":{"line":52,"column":4},"end":{"line":52,"column":75}},"24":{"start":{"line":55,"column":2},"end":{"line":64,"column":4}},"25":{"start":{"line":67,"column":24},"end":{"line":69,"column":1}},"26":{"start":{"line":68,"column":2},"end":{"line":68,"column":15}}},"fnMap":{"0":{"name":"(anonymous_0)","decl":{"start":{"line":9,"column":17},"end":{"line":9,"column":18}},"loc":{"start":{"line":9,"column":79},"end":{"line":65,"column":1}},"line":9},"1":{"name":"(anonymous_1)","decl":{"start":{"line":13,"column":12},"end":{"line":13,"column":13}},"loc":{"start":{"line":13,"column":18},"end":{"line":20,"column":3}},"line":13},"2":{"name":"(anonymous_2)","decl":{"start":{"line":29,"column":22},"end":{"line":29,"column":23}},"loc":{"start":{"line":29,"column":29},"end":{"line":49,"column":3}},"line":29},"3":{"name":"(anonymous_3)","decl":{"start":{"line":44,"column":15},"end":{"line":44,"column":16}},"loc":{"start":{"line":44,"column":21},"end":{"line":48,"column":5}},"line":44},"4":{"name":"(anonymous_4)","decl":{"start":{"line":51,"column":41},"end":{"line":51,"column":42}},"loc":{"start":{"line":52,"column":4},"end":{"line":52,"column":75}},"line":52},"5":{"name":"(anonymous_5)","decl":{"start":{"line":67,"column":24},"end":{"line":67,"column":25}},"loc":{"start":{"line":67,"column":35},"end":{"line":69,"column":1}},"line":67}},"branchMap":{"0":{"loc":{"start":{"line":25,"column":2},"end":{"line":27,"column":3}},"type":"if","locations":[{"start":{"line":25,"column":2},"end":{"line":27,"column":3}},{"start":{"line":25,"column":2},"end":{"line":27,"column":3}}],"line":25},"1":{"loc":{"start":{"line":34,"column":4},"end":{"line":39,"column":5}},"type":"if","locations":[{"start":{"line":34,"column":4},"end":{"line":39,"column":5}},{"start":{"line":34,"column":4},"end":{"line":39,"column":5}}],"line":34}},"s":{"0":2,"1":0,"2":0,"3":0,"4":0,"5":0,"6":0,"7":0,"8":0,"9":0,"10":0,"11":0,"12":0,"13":0,"14":0,"15":0,"16":0,"17":0,"18":0,"19":0,"20":0,"21":0,"22":0,"23":0,"24":0,"25":2,"26":0},"f":{"0":0,"1":0,"2":0,"3":0,"4":0,"5":0},"b":{"0":[0,0],"1":[0,0]},"_coverageSchema":"43e27e138ebf9cfc5966b082cf9a028302ed4184","hash":"0d15f5c42cc6ed2077084fd69e5bdddb70dad61b"}
,"C:\\Users\\44741\\OneDrive\\Desktop\\react-redux-quiz\\src\\components\\GameOver.js": {"path":"C:\\Users\\44741\\OneDrive\\Desktop\\react-redux-quiz\\src\\components\\GameOver.js","statementMap":{"0":{"start":{"line":7,"column":17},"end":{"line":40,"column":1}},"1":{"start":{"line":8,"column":32},"end":{"line":8,"column":46}},"2":{"start":{"line":10,"column":2},"end":{"line":12,"column":11}},"3":{"start":{"line":11,"column":4},"end":{"line":11,"column":22}},"4":{"start":{"line":13,"column":22},"end":{"line":15,"column":3}},"5":{"start":{"line":14,"column":4},"end":{"line":14,"column":32}},"6":{"start":{"line":17,"column":2},"end":{"line":19,"column":3}},"7":{"start":{"line":18,"column":4},"end":{"line":18,"column":23}},"8":{"start":{"line":20,"column":2},"end":{"line":39,"column":4}},"9":{"start":{"line":32,"column":25},"end":{"line":32,"column":38}},"10":{"start":{"line":42,"column":24},"end":{"line":44,"column":1}},"11":{"start":{"line":43,"column":2},"end":{"line":43,"column":15}}},"fnMap":{"0":{"name":"(anonymous_0)","decl":{"start":{"line":7,"column":17},"end":{"line":7,"column":18}},"loc":{"start":{"line":7,"column":51},"end":{"line":40,"column":1}},"line":7},"1":{"name":"(anonymous_1)","decl":{"start":{"line":10,"column":13},"end":{"line":10,"column":14}},"loc":{"start":{"line":10,"column":19},"end":{"line":12,"column":3}},"line":10},"2":{"name":"(anonymous_2)","decl":{"start":{"line":13,"column":22},"end":{"line":13,"column":23}},"loc":{"start":{"line":13,"column":28},"end":{"line":15,"column":3}},"line":13},"3":{"name":"(anonymous_3)","decl":{"start":{"line":32,"column":19},"end":{"line":32,"column":20}},"loc":{"start":{"line":32,"column":25},"end":{"line":32,"column":38}},"line":32},"4":{"name":"(anonymous_4)","decl":{"start":{"line":42,"column":24},"end":{"line":42,"column":25}},"loc":{"start":{"line":42,"column":35},"end":{"line":44,"column":1}},"line":42}},"branchMap":{"0":{"loc":{"start":{"line":17,"column":2},"end":{"line":19,"column":3}},"type":"if","locations":[{"start":{"line":17,"column":2},"end":{"line":19,"column":3}},{"start":{"line":17,"column":2},"end":{"line":19,"column":3}}],"line":17}},"s":{"0":1,"1":0,"2":0,"3":0,"4":0,"5":0,"6":0,"7":0,"8":0,"9":0,"10":1,"11":0},"f":{"0":0,"1":0,"2":0,"3":0,"4":0},"b":{"0":[0,0]},"_coverageSchema":"43e27e138ebf9cfc5966b082cf9a028302ed4184","hash":"45defe20914fba869e3e22862a94d4a2809f2a8f"}
,"C:\\Users\\44741\\OneDrive\\Desktop\\react-redux-quiz\\src\\components\\Loading.js": {"path":"C:\\Users\\44741\\OneDrive\\Desktop\\react-redux-quiz\\src\\components\\Loading.js","statementMap":{"0":{"start":{"line":3,"column":16},"end":{"line":9,"column":1}},"1":{"start":{"line":4,"column":2},"end":{"line":8,"column":4}}},"fnMap":{"0":{"name":"(anonymous_0)","decl":{"start":{"line":3,"column":16},"end":{"line":3,"column":17}},"loc":{"start":{"line":3,"column":22},"end":{"line":9,"column":1}},"line":3}},"branchMap":{},"s":{"0":1,"1":4},"f":{"0":4},"b":{},"_coverageSchema":"43e27e138ebf9cfc5966b082cf9a028302ed4184","hash":"5d963fe004b7682cd81eece4093b74536757dfc2"}
,"C:\\Users\\44741\\OneDrive\\Desktop\\react-redux-quiz\\src\\components\\Navbar.js": {"path":"C:\\Users\\44741\\OneDrive\\Desktop\\react-redux-quiz\\src\\components\\Navbar.js","statementMap":{"0":{"start":{"line":5,"column":15},"end":{"line":24,"column":1}},"1":{"start":{"line":6,"column":22},"end":{"line":6,"column":55}},"2":{"start":{"line":6,"column":28},"end":{"line":6,"column":55}},"3":{"start":{"line":8,"column":21},"end":{"line":16,"column":3}},"4":{"start":{"line":10,"column":6},"end":{"line":13,"column":11}},"5":{"start":{"line":15,"column":4},"end":{"line":15,"column":51}},"6":{"start":{"line":18,"column":2},"end":{"line":23,"column":4}},"7":{"start":{"line":26,"column":24},"end":{"line":26,"column":40}},"8":{"start":{"line":26,"column":35},"end":{"line":26,"column":40}}},"fnMap":{"0":{"name":"(anonymous_0)","decl":{"start":{"line":5,"column":15},"end":{"line":5,"column":16}},"loc":{"start":{"line":5,"column":50},"end":{"line":24,"column":1}},"line":5},"1":{"name":"(anonymous_1)","decl":{"start":{"line":6,"column":22},"end":{"line":6,"column":23}},"loc":{"start":{"line":6,"column":28},"end":{"line":6,"column":55}},"line":6},"2":{"name":"(anonymous_2)","decl":{"start":{"line":8,"column":21},"end":{"line":8,"column":22}},"loc":{"start":{"line":8,"column":27},"end":{"line":16,"column":3}},"line":8},"3":{"name":"(anonymous_3)","decl":{"start":{"line":26,"column":24},"end":{"line":26,"column":25}},"loc":{"start":{"line":26,"column":35},"end":{"line":26,"column":40}},"line":26}},"branchMap":{"0":{"loc":{"start":{"line":15,"column":11},"end":{"line":15,"column":50}},"type":"cond-expr","locations":[{"start":{"line":15,"column":39},"end":{"line":15,"column":43}},{"start":{"line":15,"column":46},"end":{"line":15,"column":50}}],"line":15}},"s":{"0":1,"1":4,"2":0,"3":4,"4":4,"5":4,"6":4,"7":1,"8":4},"f":{"0":4,"1":0,"2":4,"3":4},"b":{"0":[0,4]},"_coverageSchema":"43e27e138ebf9cfc5966b082cf9a028302ed4184","hash":"79b343b8ffe936febcd9c1e4d7401449fc9c0d08"}
,"C:\\Users\\44741\\OneDrive\\Desktop\\react-redux-quiz\\src\\components\\Question.js": {"path":"C:\\Users\\44741\\OneDrive\\Desktop\\react-redux-quiz\\src\\components\\Question.js","statementMap":{"0":{"start":{"line":3,"column":17},"end":{"line":12,"column":1}},"1":{"start":{"line":4,"column":2},"end":{"line":11,"column":4}}},"fnMap":{"0":{"name":"(anonymous_0)","decl":{"start":{"line":3,"column":17},"end":{"line":3,"column":18}},"loc":{"start":{"line":3,"column":35},"end":{"line":12,"column":1}},"line":3}},"branchMap":{},"s":{"0":2,"1":0},"f":{"0":0},"b":{},"_coverageSchema":"43e27e138ebf9cfc5966b082cf9a028302ed4184","hash":"dc8d9acd9324c5bfa07da32522c12058b9dce53a"}
,"C:\\Users\\44741\\OneDrive\\Desktop\\react-redux-quiz\\src\\pages\\GamePage.js": {"path":"C:\\Users\\44741\\OneDrive\\Desktop\\react-redux-quiz\\src\\pages\\GamePage.js","statementMap":{"0":{"start":{"line":8,"column":17},"end":{"line":23,"column":1}},"1":{"start":{"line":9,"column":32},"end":{"line":9,"column":46}},"2":{"start":{"line":11,"column":2},"end":{"line":15,"column":3}},"3":{"start":{"line":12,"column":4},"end":{"line":14,"column":13}},"4":{"start":{"line":13,"column":6},"end":{"line":13,"column":24}},"5":{"start":{"line":17,"column":2},"end":{"line":17,"column":34}},"6":{"start":{"line":17,"column":15},"end":{"line":17,"column":34}},"7":{"start":{"line":18,"column":2},"end":{"line":22,"column":4}},"8":{"start":{"line":25,"column":24},"end":{"line":27,"column":1}},"9":{"start":{"line":26,"column":2},"end":{"line":26,"column":15}}},"fnMap":{"0":{"name":"(anonymous_0)","decl":{"start":{"line":8,"column":17},"end":{"line":8,"column":18}},"loc":{"start":{"line":8,"column":39},"end":{"line":23,"column":1}},"line":8},"1":{"name":"(anonymous_1)","decl":{"start":{"line":12,"column":15},"end":{"line":12,"column":16}},"loc":{"start":{"line":12,"column":21},"end":{"line":14,"column":5}},"line":12},"2":{"name":"(anonymous_2)","decl":{"start":{"line":25,"column":24},"end":{"line":25,"column":25}},"loc":{"start":{"line":25,"column":35},"end":{"line":27,"column":1}},"line":25}},"branchMap":{"0":{"loc":{"start":{"line":11,"column":2},"end":{"line":15,"column":3}},"type":"if","locations":[{"start":{"line":11,"column":2},"end":{"line":15,"column":3}},{"start":{"line":11,"column":2},"end":{"line":15,"column":3}}],"line":11},"1":{"loc":{"start":{"line":17,"column":2},"end":{"line":17,"column":34}},"type":"if","locations":[{"start":{"line":17,"column":2},"end":{"line":17,"column":34}},{"start":{"line":17,"column":2},"end":{"line":17,"column":34}}],"line":17}},"s":{"0":1,"1":0,"2":0,"3":0,"4":0,"5":0,"6":0,"7":0,"8":1,"9":0},"f":{"0":0,"1":0,"2":0},"b":{"0":[0,0],"1":[0,0]},"_coverageSchema":"43e27e138ebf9cfc5966b082cf9a028302ed4184","hash":"d2ffeb05bafabfc2e1aa1e4471d85f5e6a124c42"}
,"C:\\Users\\44741\\OneDrive\\Desktop\\react-redux-quiz\\src\\pages\\StartPage.js": {"path":"C:\\Users\\44741\\OneDrive\\Desktop\\react-redux-quiz\\src\\pages\\StartPage.js","statementMap":{"0":{"start":{"line":12,"column":18},"end":{"line":50,"column":1}},"1":{"start":{"line":13,"column":38},"end":{"line":13,"column":52}},"2":{"start":{"line":14,"column":32},"end":{"line":14,"column":46}},"3":{"start":{"line":16,"column":29},"end":{"line":18,"column":3}},"4":{"start":{"line":17,"column":4},"end":{"line":17,"column":32}},"5":{"start":{"line":20,"column":2},"end":{"line":25,"column":3}},"6":{"start":{"line":21,"column":4},"end":{"line":21,"column":32}},"7":{"start":{"line":22,"column":4},"end":{"line":24,"column":13}},"8":{"start":{"line":23,"column":6},"end":{"line":23,"column":33}},"9":{"start":{"line":27,"column":2},"end":{"line":30,"column":11}},"10":{"start":{"line":28,"column":4},"end":{"line":28,"column":22}},"11":{"start":{"line":29,"column":4},"end":{"line":29,"column":20}},"12":{"start":{"line":32,"column":34},"end":{"line":41,"column":4}},"13":{"start":{"line":33,"column":4},"end":{"line":40,"column":6}},"14":{"start":{"line":43,"column":2},"end":{"line":43,"column":34}},"15":{"start":{"line":43,"column":15},"end":{"line":43,"column":34}},"16":{"start":{"line":44,"column":2},"end":{"line":49,"column":4}},"17":{"start":{"line":52,"column":24},"end":{"line":54,"column":1}},"18":{"start":{"line":53,"column":2},"end":{"line":53,"column":15}}},"fnMap":{"0":{"name":"(anonymous_0)","decl":{"start":{"line":12,"column":18},"end":{"line":12,"column":19}},"loc":{"start":{"line":12,"column":72},"end":{"line":50,"column":1}},"line":12},"1":{"name":"(anonymous_1)","decl":{"start":{"line":16,"column":29},"end":{"line":16,"column":30}},"loc":{"start":{"line":16,"column":40},"end":{"line":18,"column":3}},"line":16},"2":{"name":"(anonymous_2)","decl":{"start":{"line":22,"column":15},"end":{"line":22,"column":16}},"loc":{"start":{"line":22,"column":21},"end":{"line":24,"column":5}},"line":22},"3":{"name":"(anonymous_3)","decl":{"start":{"line":27,"column":13},"end":{"line":27,"column":14}},"loc":{"start":{"line":27,"column":19},"end":{"line":30,"column":3}},"line":27},"4":{"name":"(anonymous_4)","decl":{"start":{"line":32,"column":66},"end":{"line":32,"column":67}},"loc":{"start":{"line":32,"column":78},"end":{"line":41,"column":3}},"line":32},"5":{"name":"(anonymous_5)","decl":{"start":{"line":52,"column":24},"end":{"line":52,"column":25}},"loc":{"start":{"line":52,"column":35},"end":{"line":54,"column":1}},"line":52}},"branchMap":{"0":{"loc":{"start":{"line":20,"column":2},"end":{"line":25,"column":3}},"type":"if","locations":[{"start":{"line":20,"column":2},"end":{"line":25,"column":3}},{"start":{"line":20,"column":2},"end":{"line":25,"column":3}}],"line":20},"1":{"loc":{"start":{"line":43,"column":2},"end":{"line":43,"column":34}},"type":"if","locations":[{"start":{"line":43,"column":2},"end":{"line":43,"column":34}},{"start":{"line":43,"column":2},"end":{"line":43,"column":34}}],"line":43}},"s":{"0":1,"1":4,"2":4,"3":4,"4":0,"5":4,"6":0,"7":0,"8":0,"9":4,"10":0,"11":0,"12":4,"13":12,"14":4,"15":4,"16":0,"17":1,"18":4},"f":{"0":4,"1":0,"2":0,"3":0,"4":12,"5":4},"b":{"0":[0,4],"1":[4,0]},"_coverageSchema":"43e27e138ebf9cfc5966b082cf9a028302ed4184","hash":"9b61386993fc2acc02dd1faa0f0b0742d0e9641a"}
,"C:\\Users\\44741\\OneDrive\\Desktop\\react-redux-quiz\\src\\reducers\\index.js": {"path":"C:\\Users\\44741\\OneDrive\\Desktop\\react-redux-quiz\\src\\reducers\\index.js","statementMap":{},"fnMap":{},"branchMap":{},"s":{},"f":{},"b":{},"_coverageSchema":"43e27e138ebf9cfc5966b082cf9a028302ed4184","hash":"50dce8f05deb2c7cfc5151de445bf7f8b60b5c65"}
,"C:\\Users\\44741\\OneDrive\\Desktop\\react-redux-quiz\\src\\reducers\\reducers.js": {"path":"C:\\Users\\44741\\OneDrive\\Desktop\\react-redux-quiz\\src\\reducers\\reducers.js","statementMap":{"0":{"start":{"line":7,"column":35},"end":{"line":14,"column":1}},"1":{"start":{"line":8,"column":2},"end":{"line":13,"column":3}},"2":{"start":{"line":10,"column":6},"end":{"line":10,"column":33}},"3":{"start":{"line":12,"column":6},"end":{"line":12,"column":19}},"4":{"start":{"line":16,"column":33},"end":{"line":23,"column":1}},"5":{"start":{"line":17,"column":2},"end":{"line":22,"column":3}},"6":{"start":{"line":19,"column":6},"end":{"line":19,"column":28}},"7":{"start":{"line":21,"column":6},"end":{"line":21,"column":19}},"8":{"start":{"line":25,"column":25},"end":{"line":32,"column":1}},"9":{"start":{"line":26,"column":2},"end":{"line":31,"column":3}},"10":{"start":{"line":28,"column":6},"end":{"line":28,"column":28}},"11":{"start":{"line":30,"column":6},"end":{"line":30,"column":19}}},"fnMap":{"0":{"name":"(anonymous_0)","decl":{"start":{"line":7,"column":35},"end":{"line":7,"column":36}},"loc":{"start":{"line":7,"column":59},"end":{"line":14,"column":1}},"line":7},"1":{"name":"(anonymous_1)","decl":{"start":{"line":16,"column":33},"end":{"line":16,"column":34}},"loc":{"start":{"line":16,"column":67},"end":{"line":23,"column":1}},"line":16},"2":{"name":"(anonymous_2)","decl":{"start":{"line":25,"column":25},"end":{"line":25,"column":26}},"loc":{"start":{"line":25,"column":48},"end":{"line":32,"column":1}},"line":25}},"branchMap":{"0":{"loc":{"start":{"line":7,"column":36},"end":{"line":7,"column":46}},"type":"default-arg","locations":[{"start":{"line":7,"column":44},"end":{"line":7,"column":46}}],"line":7},"1":{"loc":{"start":{"line":8,"column":2},"end":{"line":13,"column":3}},"type":"switch","locations":[{"start":{"line":9,"column":4},"end":{"line":10,"column":33}},{"start":{"line":11,"column":4},"end":{"line":12,"column":19}}],"line":8},"2":{"loc":{"start":{"line":16,"column":34},"end":{"line":16,"column":54}},"type":"default-arg","locations":[{"start":{"line":16,"column":42},"end":{"line":16,"column":54}}],"line":16},"3":{"loc":{"start":{"line":17,"column":2},"end":{"line":22,"column":3}},"type":"switch","locations":[{"start":{"line":18,"column":4},"end":{"line":19,"column":28}},{"start":{"line":20,"column":4},"end":{"line":21,"column":19}}],"line":17},"4":{"loc":{"start":{"line":25,"column":26},"end":{"line":25,"column":35}},"type":"default-arg","locations":[{"start":{"line":25,"column":34},"end":{"line":25,"column":35}}],"line":25},"5":{"loc":{"start":{"line":26,"column":2},"end":{"line":31,"column":3}},"type":"switch","locations":[{"start":{"line":27,"column":4},"end":{"line":28,"column":28}},{"start":{"line":29,"column":4},"end":{"line":30,"column":19}}],"line":26}},"s":{"0":4,"1":15,"2":1,"3":14,"4":4,"5":15,"6":1,"7":14,"8":4,"9":15,"10":1,"11":14},"f":{"0":15,"1":15,"2":15},"b":{"0":[14],"1":[1,14],"2":[14],"3":[1,14],"4":[14],"5":[1,14]},"_coverageSchema":"43e27e138ebf9cfc5966b082cf9a028302ed4184","hash":"84208c1b3da53d4e4defe02a358713e300b36d73"}
,"C:\\Users\\44741\\OneDrive\\Desktop\\react-redux-quiz\\src\\utils\\utils.js": {"path":"C:\\Users\\44741\\OneDrive\\Desktop\\react-redux-quiz\\src\\utils\\utils.js","statementMap":{"0":{"start":{"line":1,"column":28},"end":{"line":1,"column":76}},"1":{"start":{"line":1,"column":39},"end":{"line":1,"column":76}},"2":{"start":{"line":1,"column":56},"end":{"line":1,"column":75}},"3":{"start":{"line":3,"column":26},"end":{"line":5,"column":1}},"4":{"start":{"line":4,"column":2},"end":{"line":4,"column":34}},"5":{"start":{"line":7,"column":28},"end":{"line":9,"column":1}},"6":{"start":{"line":8,"column":2},"end":{"line":8,"column":37}},"7":{"start":{"line":11,"column":31},"end":{"line":13,"column":1}},"8":{"start":{"line":12,"column":2},"end":{"line":12,"column":40}},"9":{"start":{"line":15,"column":43},"end":{"line":28,"column":1}}},"fnMap":{"0":{"name":"(anonymous_0)","decl":{"start":{"line":1,"column":28},"end":{"line":1,"column":29}},"loc":{"start":{"line":1,"column":39},"end":{"line":1,"column":76}},"line":1},"1":{"name":"(anonymous_1)","decl":{"start":{"line":1,"column":50},"end":{"line":1,"column":51}},"loc":{"start":{"line":1,"column":56},"end":{"line":1,"column":75}},"line":1},"2":{"name":"(anonymous_2)","decl":{"start":{"line":3,"column":26},"end":{"line":3,"column":27}},"loc":{"start":{"line":3,"column":47},"end":{"line":5,"column":1}},"line":3},"3":{"name":"(anonymous_3)","decl":{"start":{"line":7,"column":28},"end":{"line":7,"column":29}},"loc":{"start":{"line":7,"column":47},"end":{"line":9,"column":1}},"line":7},"4":{"name":"(anonymous_4)","decl":{"start":{"line":11,"column":31},"end":{"line":11,"column":32}},"loc":{"start":{"line":11,"column":50},"end":{"line":13,"column":1}},"line":11}},"branchMap":{},"s":{"0":2,"1":0,"2":0,"3":2,"4":0,"5":2,"6":0,"7":2,"8":0,"9":2},"f":{"0":0,"1":0,"2":0,"3":0,"4":0},"b":{},"_coverageSchema":"43e27e138ebf9cfc5966b082cf9a028302ed4184","hash":"037cc8af834017847e7682453a2b49cb2e1ecacf"}
}
